This is pdfTeX, Version 3.1415926-2.4-1.40.13 (MiKTeX 2.9 64-bit) (preloaded format=pdflatex 2014.9.16)  30 OCT 2015 15:58
entering extended mode
**Skyrmion.tex

(C:\Users\pershoguba\Dropbox\Research\Skyrmion-Project\skyrmion-ysr\Skyrmion.te
x
LaTeX2e <2011/06/27>
Babel <v3.8m> and hyphenation patterns for english, afrikaans, ancientgreek, ar
abic, armenian, assamese, basque, bengali, bokmal, bulgarian, catalan, coptic, 
croatian, czech, danish, dutch, esperanto, estonian, farsi, finnish, french, ga
lician, german, german-x-2012-05-30, greek, gujarati, hindi, hungarian, iceland
ic, indonesian, interlingua, irish, italian, kannada, kurmanji, latin, latvian,
 lithuanian, malayalam, marathi, mongolian, mongolianlmc, monogreek, ngerman, n
german-x-2012-05-30, nynorsk, oriya, panjabi, pinyin, polish, portuguese, roman
ian, russian, sanskrit, serbian, slovak, slovenian, spanish, swedish, swissgerm
an, tamil, telugu, turkish, turkmen, ukenglish, ukrainian, uppersorbian, usengl
ishmax, welsh, loaded.
("C:\Program Files\MiKTeX 2.9\tex\latex\revtex\revtex4-1.cls"
Document Class: revtex4-1 2010/07/25/20:33:00 4.1r (http://publish.aps.org/revt
ex4/ for documentation)
 Copyright (c) 2009 The American Physical Society.
 mailto:revtex@aps.org
 Licensed under the LPPL:
http://www.ctan.org/tex-archive/macros/latex/base/lppl.txt
 Arthur Ogawa <arthur_ogawa at sbcglobal dot net>
 Based on work by David Carlisle <david at dcarlisle.demon.co.uk>.
ltxutil[2010/07/25/20:33:00 4.1r utilities package (portions licensed from W. E
. Baxter web at superscript.com)]
LaTeX Info: Redefining \@centercr on input line 308.
Class revtex4-1 Info: Repairing broken LaTeX eqnarray on input line 358.
\eqncolsep=\skip41
Class revtex4-1 Info: Repairing hyperref-unfriendly LaTeX definition of \mpfoot
note on input line 433.
Class revtex4-1 Info: Repairing broken LateX \@sect on input line 755.
\intertabularlinepenalty=\count79
\@tbpen=\count80
\@arstrutbox@hline=\box26
Class revtex4-1 Info: Repairing broken LaTeX \@xbitor on input line 1786.
Class revtex4-1 Info: Making \typeout \long on input line 2046.
ltxfront[2010/07/25/20:33:00 4.1r frontmatter package (AO,DPC)]
\c@affil=\count81
\c@collab=\count82
\absbox=\box27
ltxgrid[2010/07/25/20:33:00 4.1r page grid package (portions licensed from W. E
. Baxter web at superscript.com)]
\c@linecount=\count83
\output@latex=\toks14
\box@size@1=\box28
\box@size@2=\box29
\@protection@box=\box30
\@topmark@saved=\toks15
\footins@saved=\box31
\footins@recovered=\box32
\column@recovered=\box33
\pagesofar=\box34
\footsofar=\box35
\pagegrid@col=\count84
Class revtex4-1 Info: Overriding \@vspace, \@vspacer, \@no@pgbk, \@newline, and
 \\  on input line 5578.
\c@part=\count85
\c@section=\count86
\c@subsection=\count87
\c@subsubsection=\count88
\c@paragraph=\count89
\c@subparagraph=\count90
\abovecaptionskip=\skip42
\belowcaptionskip=\skip43
\c@figure=\count91
\fbox@1=\box36
\c@table=\count92
\fbox@2=\box37
\c@video=\count93
\fbox@4=\box38
\@bibdataout=\write3
\widetext@top=\box39
\widetext@bot=\box40

Class revtex4-1 Warning: No Society specified, using default society aps.

("C:\Program Files\MiKTeX 2.9\tex\latex\revtex\aps4-1.rtx"
File: aps4-1 2010/07/25/20:33:00 4.1r (http://publish.aps.org/revtex4/ for docu
mentation)
Class revtex4-1 Info: RevTeX society APS selected on input line 31.
)

Class revtex4-1 Warning: No journal specified, using default pra.

Class revtex4-1 Info: APS journal PRA selected on input line 7545.

Class revtex4-1 Warning: No type size specified, using default 10.

("C:\Program Files\MiKTeX 2.9\tex\latex\revtex\aps10pt4-1.rtx"
File: aps10pt4-1 2010/07/25/20:33:00 4.1r (http://publish.aps.org/revtex4/ for 
documentation)
Class revtex4-1 Info: RevTeX pointsize 10pt selected on input line 30.
)
("C:\Program Files\MiKTeX 2.9\tex\latex\textcase\textcase.sty"
Package: textcase 2004/10/07 v0.07 Text only upper/lower case changing (DPC)
)
("C:\Program Files\MiKTeX 2.9\tex\latex\ltxmisc\url.sty"
\Urlmuskip=\muskip10
Package: url 2006/04/12  ver 3.3  Verb mode for urls, etc.
)
("C:\Program Files\MiKTeX 2.9\tex\latex\natbib\natbib.sty"
Package: natbib 2010/09/13 8.31b (PWD, AO)
\bibhang=\skip44
\bibsep=\skip45
LaTeX Info: Redefining \cite on input line 694.
\c@NAT@ctr=\count94
)
Class revtex4-1 Info: Repairing natbib's \BibitemShut on input line 7549.

("C:\Program Files\MiKTeX 2.9\tex\latex\revtex\revsymb4-1.sty"
Package: revsymb4-1 2010/07/25/20:33:00 4.1r (http://publish.aps.org/revtex4/ f
or documentation)
LaTeX Info: Redefining \REV@mathfrak on input line 119.
))
("C:\Program Files\MiKTeX 2.9\tex\latex\graphics\graphicx.sty"
Package: graphicx 1999/02/16 v1.0f Enhanced LaTeX Graphics (DPC,SPQR)

("C:\Program Files\MiKTeX 2.9\tex\latex\graphics\keyval.sty"
Package: keyval 1999/03/16 v1.13 key=value parser (DPC)
\KV@toks@=\toks16
)
("C:\Program Files\MiKTeX 2.9\tex\latex\graphics\graphics.sty"
Package: graphics 2009/02/05 v1.0o Standard LaTeX Graphics (DPC,SPQR)

("C:\Program Files\MiKTeX 2.9\tex\latex\graphics\trig.sty"
Package: trig 1999/03/16 v1.09 sin cos tan (DPC)
)
("C:\Program Files\MiKTeX 2.9\tex\latex\00miktex\graphics.cfg"
File: graphics.cfg 2007/01/18 v1.5 graphics configuration of teTeX/TeXLive
)
Package graphics Info: Driver file: pdftex.def on input line 91.

("C:\Program Files\MiKTeX 2.9\tex\latex\pdftex-def\pdftex.def"
File: pdftex.def 2011/05/27 v0.06d Graphics/color for pdfTeX

("C:\Program Files\MiKTeX 2.9\tex\generic\oberdiek\infwarerr.sty"
Package: infwarerr 2010/04/08 v1.3 Providing info/warning/error messages (HO)
)
("C:\Program Files\MiKTeX 2.9\tex\generic\oberdiek\ltxcmds.sty"
Package: ltxcmds 2011/11/09 v1.22 LaTeX kernel commands for general use (HO)
)
\Gread@gobject=\count95
))
\Gin@req@height=\dimen102
\Gin@req@width=\dimen103
)
("C:\Program Files\MiKTeX 2.9\tex\latex\tools\bm.sty"
Package: bm 2004/02/26 v1.1c Bold Symbol Support (DPC/FMi)
\symboldoperators=\mathgroup4
\symboldletters=\mathgroup5
\symboldsymbols=\mathgroup6
LaTeX Font Info:    Redeclaring math alphabet \mathbf on input line 138.
LaTeX Info: Redefining \bm on input line 204.
)
("C:\Program Files\MiKTeX 2.9\tex\latex\amsfonts\amssymb.sty"
Package: amssymb 2013/01/14 v3.01 AMS font symbols

("C:\Program Files\MiKTeX 2.9\tex\latex\amsfonts\amsfonts.sty"
Package: amsfonts 2013/01/14 v3.01 Basic AMSFonts support
\@emptytoks=\toks17
\symAMSa=\mathgroup7
\symAMSb=\mathgroup8
LaTeX Font Info:    Overwriting math alphabet `\mathfrak' in version `bold'
(Font)                  U/euf/m/n --> U/euf/b/n on input line 106.
LaTeX Info: Redefining \frak on input line 111.
LaTeX Info: Redefining \Bbb on input line 113.
))
("C:\Program Files\MiKTeX 2.9\tex\latex\amsmath\amsmath.sty"
Package: amsmath 2013/01/14 v2.14 AMS math features
\@mathmargin=\skip46

For additional information on amsmath, use the `?' option.
("C:\Program Files\MiKTeX 2.9\tex\latex\amsmath\amstext.sty"
Package: amstext 2000/06/29 v2.01

("C:\Program Files\MiKTeX 2.9\tex\latex\amsmath\amsgen.sty"
File: amsgen.sty 1999/11/30 v2.0
\@emptytoks=\toks18
\ex@=\dimen104
)
LaTeX Info: Redefining \text on input line 39.
)
("C:\Program Files\MiKTeX 2.9\tex\latex\amsmath\amsbsy.sty"
Package: amsbsy 1999/11/29 v1.2d
LaTeX Info: Redefining \boldsymbol on input line 39.
\pmbraise@=\dimen105
)
("C:\Program Files\MiKTeX 2.9\tex\latex\amsmath\amsopn.sty"
Package: amsopn 1999/12/14 v2.01 operator names
)
\inf@bad=\count96
LaTeX Info: Redefining \frac on input line 210.
\uproot@=\count97
\leftroot@=\count98
LaTeX Info: Redefining \overline on input line 306.
\classnum@=\count99
\DOTSCASE@=\count100
LaTeX Info: Redefining \ldots on input line 378.
LaTeX Info: Redefining \dots on input line 381.
LaTeX Info: Redefining \cdots on input line 466.
\Mathstrutbox@=\box41
\strutbox@=\box42
\big@size=\dimen106
LaTeX Font Info:    Redeclaring font encoding OML on input line 566.
LaTeX Font Info:    Redeclaring font encoding OMS on input line 567.
\macc@depth=\count101
\c@MaxMatrixCols=\count102
\dotsspace@=\muskip11
\c@parentequation=\count103
\dspbrk@lvl=\count104
\tag@help=\toks19
\row@=\count105
\column@=\count106
\maxfields@=\count107
\andhelp@=\toks20
\eqnshift@=\dimen107
\alignsep@=\dimen108
\tagshift@=\dimen109
\tagwidth@=\dimen110
\totwidth@=\dimen111
\lineht@=\dimen112
\@envbody=\toks21
\multlinegap=\skip47
\multlinetaggap=\skip48
\mathdisplay@stack=\toks22
LaTeX Info: Redefining \[ on input line 2665.
LaTeX Info: Redefining \] on input line 2666.
)
("C:\Program Files\MiKTeX 2.9\tex\latex\braket\braket.sty")
("C:\Program Files\MiKTeX 2.9\tex\latex\hyperref\hyperref.sty"
Package: hyperref 2012/11/06 v6.83m Hypertext links for LaTeX

("C:\Program Files\MiKTeX 2.9\tex\generic\oberdiek\hobsub-hyperref.sty"
Package: hobsub-hyperref 2012/04/25 v1.12 Bundle oberdiek, subset hyperref (HO)


("C:\Program Files\MiKTeX 2.9\tex\generic\oberdiek\hobsub-generic.sty"
Package: hobsub-generic 2012/04/25 v1.12 Bundle oberdiek, subset generic (HO)
Package: hobsub 2012/04/25 v1.12 Construct package bundles (HO)
Package hobsub Info: Skipping package `infwarerr' (already loaded).
Package hobsub Info: Skipping package `ltxcmds' (already loaded).
Package: ifluatex 2010/03/01 v1.3 Provides the ifluatex switch (HO)
Package ifluatex Info: LuaTeX not detected.
Package: ifvtex 2010/03/01 v1.5 Detect VTeX and its facilities (HO)
Package ifvtex Info: VTeX not detected.
Package: intcalc 2007/09/27 v1.1 Expandable calculations with integers (HO)
Package: ifpdf 2011/01/30 v2.3 Provides the ifpdf switch (HO)
Package ifpdf Info: pdfTeX in PDF mode is detected.
Package: etexcmds 2011/02/16 v1.5 Avoid name clashes with e-TeX commands (HO)
Package etexcmds Info: Could not find \expanded.
(etexcmds)             That can mean that you are not using pdfTeX 1.50 or
(etexcmds)             that some package has redefined \expanded.
(etexcmds)             In the latter case, load this package earlier.
Package: kvsetkeys 2012/04/25 v1.16 Key value parser (HO)
Package: kvdefinekeys 2011/04/07 v1.3 Define keys (HO)
Package: pdftexcmds 2011/11/29 v0.20 Utility functions of pdfTeX for LuaTeX (HO
)
Package pdftexcmds Info: LuaTeX not detected.
Package pdftexcmds Info: \pdf@primitive is available.
Package pdftexcmds Info: \pdf@ifprimitive is available.
Package pdftexcmds Info: \pdfdraftmode found.
Package: pdfescape 2011/11/25 v1.13 Implements pdfTeX's escape features (HO)
Package: bigintcalc 2012/04/08 v1.3 Expandable calculations on big integers (HO
)
Package: bitset 2011/01/30 v1.1 Handle bit-vector datatype (HO)
Package: uniquecounter 2011/01/30 v1.2 Provide unlimited unique counter (HO)
)
Package hobsub Info: Skipping package `hobsub' (already loaded).
Package: letltxmacro 2010/09/02 v1.4 Let assignment for LaTeX macros (HO)
Package: hopatch 2011/06/24 v1.1 Wrapper for package hooks (HO)
Package: xcolor-patch 2011/01/30 xcolor patch
Package: atveryend 2011/06/30 v1.8 Hooks at the very end of document (HO)
Package: atbegshi 2011/10/05 v1.16 At begin shipout hook (HO)
Package: refcount 2011/10/16 v3.4 Data extraction from label references (HO)
Package: hycolor 2011/01/30 v1.7 Color options for hyperref/bookmark (HO)
)
("C:\Program Files\MiKTeX 2.9\tex\generic\ifxetex\ifxetex.sty"
Package: ifxetex 2010/09/12 v0.6 Provides ifxetex conditional
)
("C:\Program Files\MiKTeX 2.9\tex\latex\oberdiek\auxhook.sty"
Package: auxhook 2011/03/04 v1.3 Hooks for auxiliary files (HO)
)
("C:\Program Files\MiKTeX 2.9\tex\latex\oberdiek\kvoptions.sty"
Package: kvoptions 2011/06/30 v3.11 Key value format for package options (HO)
)
\@linkdim=\dimen113
\Hy@linkcounter=\count108
\Hy@pagecounter=\count109

("C:\Program Files\MiKTeX 2.9\tex\latex\hyperref\pd1enc.def"
File: pd1enc.def 2012/11/06 v6.83m Hyperref: PDFDocEncoding definition (HO)
)
\Hy@SavedSpaceFactor=\count110

("C:\Program Files\MiKTeX 2.9\tex\latex\00miktex\hyperref.cfg"
File: hyperref.cfg 2002/06/06 v1.2 hyperref configuration of TeXLive
)
Package hyperref Info: Hyper figures OFF on input line 4443.
Package hyperref Info: Link nesting OFF on input line 4448.
Package hyperref Info: Hyper index ON on input line 4451.
Package hyperref Info: Plain pages OFF on input line 4458.
Package hyperref Info: Backreferencing OFF on input line 4463.
Package hyperref Info: Implicit mode ON; LaTeX internals redefined.
Package hyperref Info: Bookmarks ON on input line 4688.
LaTeX Info: Redefining \href on input line 4952.
\c@Hy@tempcnt=\count111
LaTeX Info: Redefining \url on input line 5041.
\XeTeXLinkMargin=\dimen114
\Fld@menulength=\count112
\Field@Width=\dimen115
\Fld@charsize=\dimen116
Package hyperref Info: Hyper figures OFF on input line 6295.
Package hyperref Info: Link nesting OFF on input line 6300.
Package hyperref Info: Hyper index ON on input line 6303.
Package hyperref Info: backreferencing OFF on input line 6310.
Package hyperref Info: Link coloring OFF on input line 6315.
Package hyperref Info: Link coloring with OCG OFF on input line 6320.
Package hyperref Info: PDF/A mode OFF on input line 6325.
LaTeX Info: Redefining \ref on input line 6365.
LaTeX Info: Redefining \pageref on input line 6369.
\Hy@abspage=\count113
\c@Item=\count114
\c@Hfootnote=\count115
)

Package hyperref Message: Driver (autodetected): hpdftex.

("C:\Program Files\MiKTeX 2.9\tex\latex\hyperref\hpdftex.def"
File: hpdftex.def 2012/11/06 v6.83m Hyperref driver for pdfTeX
\Fld@listcount=\count116
\c@bookmark@seq@number=\count117

("C:\Program Files\MiKTeX 2.9\tex\latex\oberdiek\rerunfilecheck.sty"
Package: rerunfilecheck 2011/04/15 v1.7 Rerun checks for auxiliary files (HO)
Package uniquecounter Info: New unique counter `rerunfilecheck' on input line 2
82.
)
\Hy@SectionHShift=\skip49
)
Class revtex4-1 Info: Patching LaTeX tabular. on input line 11.
Class revtex4-1 Info: Robustifying \LaTeX's \boldmath command on input line 11.

Class revtex4-1 Info: cite was not loaded (OK!) on input line 11.
Class revtex4-1 Info: mcite was not loaded (OK!) on input line 11.
Class revtex4-1 Info: multicol was not loaded (OK!) on input line 11.

(C:\Users\pershoguba\Dropbox\Research\Skyrmion-Project\skyrmion-ysr\Skyrmion.au
x)
LaTeX Font Info:    Checking defaults for OML/cmm/m/it on input line 11.
LaTeX Font Info:    ... okay on input line 11.
LaTeX Font Info:    Checking defaults for T1/cmr/m/n on input line 11.
LaTeX Font Info:    ... okay on input line 11.
LaTeX Font Info:    Checking defaults for OT1/cmr/m/n on input line 11.
LaTeX Font Info:    ... okay on input line 11.
LaTeX Font Info:    Checking defaults for OMS/cmsy/m/n on input line 11.
LaTeX Font Info:    ... okay on input line 11.
LaTeX Font Info:    Checking defaults for OMX/cmex/m/n on input line 11.
LaTeX Font Info:    ... okay on input line 11.
LaTeX Font Info:    Checking defaults for U/cmr/m/n on input line 11.
LaTeX Font Info:    ... okay on input line 11.
LaTeX Font Info:    Checking defaults for PD1/pdf/m/n on input line 11.
LaTeX Font Info:    ... okay on input line 11.
 ("C:\Program Files\MiKTeX 2.9\tex\context\base\supp-pdf.mkii"
[Loading MPS to PDF converter (version 2006.09.02).]
\scratchcounter=\count118
\scratchdimen=\dimen117
\scratchbox=\box43
\nofMPsegments=\count119
\nofMParguments=\count120
\everyMPshowfont=\toks23
\MPscratchCnt=\count121
\MPscratchDim=\dimen118
\MPnumerator=\count122
\makeMPintoPDFobject=\count123
\everyMPtoPDFconversion=\toks24
)
\AtBeginShipoutBox=\box44
Package hyperref Info: Link coloring OFF on input line 11.
 ("C:\Program Files\MiKTeX 2.9\tex\latex\hyperref\nameref.sty"
Package: nameref 2012/10/27 v2.43 Cross-referencing by name of section

("C:\Program Files\MiKTeX 2.9\tex\generic\oberdiek\gettitlestring.sty"
Package: gettitlestring 2010/12/03 v1.4 Cleanup title references (HO)
)
\c@section@level=\count124
)
LaTeX Info: Redefining \ref on input line 11.
LaTeX Info: Redefining \pageref on input line 11.
LaTeX Info: Redefining \nameref on input line 11.

(C:\Users\pershoguba\Dropbox\Research\Skyrmion-Project\skyrmion-ysr\Skyrmion.ou
t)
(C:\Users\pershoguba\Dropbox\Research\Skyrmion-Project\skyrmion-ysr\Skyrmion.ou
t)
\@outlinefile=\write4
Class revtex4-1 Info: Taking \maketitle back from hyperref on input line 11.
LaTeX Font Info:    Try loading font information for U+msa on input line 33.
 ("C:\Program Files\MiKTeX 2.9\tex\latex\amsfonts\umsa.fd"
File: umsa.fd 2013/01/14 v3.01 AMS symbols A
)
LaTeX Font Info:    Try loading font information for U+msb on input line 33.

("C:\Program Files\MiKTeX 2.9\tex\latex\amsfonts\umsb.fd"
File: umsb.fd 2013/01/14 v3.01 AMS symbols B
)
<SkyrmA.pdf, id=36, 302.67287pt x 302.67287pt>
File: SkyrmA.pdf Graphic file (type pdf)
 <use SkyrmA.pdf>
Package pdftex.def Info: SkyrmA.pdf used on input line 45.
(pdftex.def)             Requested size: 98.3985pt x 98.39522pt.

<SkyrmB.pdf, id=37, 301.91997pt x 301.16702pt>
File: SkyrmB.pdf Graphic file (type pdf)
 <use SkyrmB.pdf>
Package pdftex.def Info: SkyrmB.pdf used on input line 46.
(pdftex.def)             Requested size: 98.3985pt x 98.15384pt.

<fig1c.pdf, id=38, 303.4258pt x 183.71188pt>
File: fig1c.pdf Graphic file (type pdf)
 <use fig1c.pdf>
Package pdftex.def Info: fig1c.pdf used on input line 47.
(pdftex.def)             Requested size: 98.3985pt x 59.57669pt.

<fig2.pdf, id=39, 303.4258pt x 270.29742pt>
File: fig2.pdf Graphic file (type pdf)
 <use fig2.pdf>
Package pdftex.def Info: fig2.pdf used on input line 57.
(pdftex.def)             Requested size: 172.19925pt x 153.39885pt.

Underfull \hbox (badness 1521) in paragraph at lines 71--72
\OT1/cmr/m/n/10 film with the mag-ne-ti-za-tion de-scribed by a three-
 []

[1{C:/ProgramData/MiKTeX/2.9/pdftex/config/pdftex.map} <C:/Users/pershoguba/Dro
pbox/Research/Skyrmion-Project/skyrmion-ysr/SkyrmA.pdf> <C:/Users/pershoguba/Dr
opbox/Research/Skyrmion-Project/skyrmion-ysr/SkyrmB.pdf

pdfTeX warning: pdflatex (file C:/Users/pershoguba/Dropbox/Research/Skyrmion-Pr
oject/skyrmion-ysr/SkyrmB.pdf): PDF inclusion: multiple pdfs with page group in
cluded in a single page
> <C:/Users/pershoguba/Dropbox/Research/Skyrmion-Project/skyrmion-ysr/fig1c.pdf


pdfTeX warning: pdflatex (file C:/Users/pershoguba/Dropbox/Research/Skyrmion-Pr
oject/skyrmion-ysr/fig1c.pdf): PDF inclusion: multiple pdfs with page group inc
luded in a single page
>]

LaTeX Warning: A float is stuck (cannot be placed) on input line 72.


LaTeX Warning: A float is stuck (cannot be placed) on input line 72.


Class revtex4-1 Warning: Deferred float stuck during \clearpage processing.

<fig3a.pdf, id=115, 316.22539pt x 272.55617pt>
File: fig3a.pdf Graphic file (type pdf)
 <use fig3a.pdf>
Package pdftex.def Info: fig3a.pdf used on input line 101.
(pdftex.def)             Requested size: 172.19925pt x 148.42163pt.

<fig3b.pdf, id=116, 317.73123pt x 252.98032pt>
File: fig3b.pdf Graphic file (type pdf)
 <use fig3b.pdf>
Package pdftex.def Info: fig3b.pdf used on input line 102.
(pdftex.def)             Requested size: 172.19925pt x 137.10915pt.
 [2 <C:/Users/pershoguba/Dropbox/Research/Skyrmion-Project/skyrmion-ysr/fig2.pd
f>]

LaTeX Warning: A float is stuck (cannot be placed) on input line 122.


LaTeX Warning: A float is stuck (cannot be placed) on input line 122.


Class revtex4-1 Warning: Deferred float stuck during \clearpage processing.


Underfull \hbox (badness 1152) in paragraph at lines 143--145
\OT1/cmr/m/n/10 In Sup-ple-men-tal Ma-te-rial, we solve the Lippmann-
 []


Underfull \hbox (badness 4859) in paragraph at lines 147--149
\OT1/cmr/m/n/10 where we de-fine the Green's func-tion $[](\OML/cmm/m/it/10 !\O
T1/cmr/m/n/10 ) =
 []


Overfull \hbox (2.58748pt too wide) in paragraph at lines 152--152
[] 
 []

[3 <C:/Users/pershoguba/Dropbox/Research/Skyrmion-Project/skyrmion-ysr/fig3a.pd
f> <C:/Users/pershoguba/Dropbox/Research/Skyrmion-Project/skyrmion-ysr/fig3b.pd
f

pdfTeX warning: pdflatex (file C:/Users/pershoguba/Dropbox/Research/Skyrmion-Pr
oject/skyrmion-ysr/fig3b.pdf): PDF inclusion: multiple pdfs with page group inc
luded in a single page
>]
Underfull \hbox (badness 6775) in paragraph at lines 167--168
\OT1/cmr/m/n/10 ex-hibit char-ac-ter-is-tic os-cil-la-tions at a scale $\OML/cm
m/m/it/10 []$\OT1/cmr/m/n/10 .
 []


Underfull \hbox (badness 2573) in paragraph at lines 167--168
\OT1/cmr/m/n/10 In or-der to un-der-stand this be-hav-ior, con-sider a
 []


Underfull \hbox (badness 1960) in paragraph at lines 167--168
\OT1/cmr/m/n/10 generic wave-func-tion of an im-pu-rity in-duced state
 []

<fig4a.pdf, id=208, 313.96664pt x 251.47447pt>
File: fig4a.pdf Graphic file (type pdf)
 <use fig4a.pdf>
Package pdftex.def Info: fig4a.pdf used on input line 172.
(pdftex.def)             Requested size: 105.7782pt x 84.72507pt.

<fig4b.pdf, id=209, 312.4608pt x 249.96864pt>
File: fig4b.pdf Graphic file (type pdf)
 <use fig4b.pdf>
Package pdftex.def Info: fig4b.pdf used on input line 173.
(pdftex.def)             Requested size: 105.7782pt x 84.62204pt.

<fig4c.pdf, id=210, 313.96664pt x 251.47447pt>
File: fig4c.pdf Graphic file (type pdf)
 <use fig4c.pdf>
Package pdftex.def Info: fig4c.pdf used on input line 174.
(pdftex.def)             Requested size: 105.7782pt x 84.72507pt.

<fig4d.pdf, id=211, 313.21371pt x 252.2274pt>
File: fig4d.pdf Graphic file (type pdf)
 <use fig4d.pdf>
Package pdftex.def Info: fig4d.pdf used on input line 175.
(pdftex.def)             Requested size: 105.7782pt x 85.17888pt.
 [4 <C:/Users/pershoguba/Dropbox/Research/Skyrmion-Project/skyrmion-ysr/fig4a.p
df> <C:/Users/pershoguba/Dropbox/Research/Skyrmion-Project/skyrmion-ysr/fig4b.p
df

pdfTeX warning: pdflatex (file C:/Users/pershoguba/Dropbox/Research/Skyrmion-Pr
oject/skyrmion-ysr/fig4b.pdf): PDF inclusion: multiple pdfs with page group inc
luded in a single page
> <C:/Users/pershoguba/Dropbox/Research/Skyrmion-Project/skyrmion-ysr/fig4c.pdf


pdfTeX warning: pdflatex (file C:/Users/pershoguba/Dropbox/Research/Skyrmion-Pr
oject/skyrmion-ysr/fig4c.pdf): PDF inclusion: multiple pdfs with page group inc
luded in a single page
> <C:/Users/pershoguba/Dropbox/Research/Skyrmion-Project/skyrmion-ysr/fig4d.pdf


pdfTeX warning: pdflatex (file C:/Users/pershoguba/Dropbox/Research/Skyrmion-Pr
oject/skyrmion-ysr/fig4d.pdf): PDF inclusion: multiple pdfs with page group inc
luded in a single page
>]
(C:\Users\pershoguba\Dropbox\Research\Skyrmion-Project\skyrmion-ysr\Skyrmion.bb
l
Underfull \hbox (badness 1762) in paragraph at lines 89--99
 []\OT1/cmr/m/n/9 S. Muhlbauer, B. Binz, F. Joni-etz, C. Pflei-derer,
 []

Missing character: There is no ü in font cmr9!
Missing character: There is no ü in font cmr9!
Missing character: There is no ö in font cmr9!

Underfull \hbox (badness 1122) in paragraph at lines 244--251
 \OT1/cmr/m/n/9 B. Wolter, K. von Bergmann, A. Ku-bet-zka,  and
 []


Underfull \hbox (badness 1331) in paragraph at lines 271--279
 []\OT1/cmr/m/n/9 N. Rom-ming, A. Ku-bet-zka, C. Han-neken, K. von
 []


Underfull \hbox (badness 1668) in paragraph at lines 350--357
 []\OT1/cmr/m/n/9 S. Nako-sai, Y. Tanaka,  and N. Na-gaosa, ``Two-
 []


Underfull \hbox (badness 1033) in paragraph at lines 410--417
 []\OT1/cmr/m/n/9 N. Y. Yao, L. I. Glaz-man, E. A. Dem-ler, M. D.
 []

[5])
Overfull \hbox (11.08005pt too wide) in paragraph at lines 243--243
[] 
 []

[6]
Package atveryend Info: Empty hook `AfterLastShipout' on input line 305.

(C:\Users\pershoguba\Dropbox\Research\Skyrmion-Project\skyrmion-ysr\Skyrmion.au
x)
Package atveryend Info: Executing hook `AtVeryEndDocument' on input line 305.
Package atveryend Info: Executing hook `AtEndAfterFileList' on input line 305.
Package rerunfilecheck Info: File `Skyrmion.out' has not changed.
(rerunfilecheck)             Checksum: D214CCFFC5BC51442BEEB94522F0ED1B;263.
 ) 
Here is how much of TeX's memory you used:
 8115 strings out of 493921
 113599 string characters out of 3147267
 226128 words of memory out of 3000000
 11237 multiletter control sequences out of 15000+200000
 14639 words of font info for 54 fonts, out of 3000000 for 9000
 841 hyphenation exceptions out of 8191
 32i,12n,28p,1496b,594s stack positions out of 5000i,500n,10000p,200000b,50000s
<C:/Program Files/MiKTeX 2.9/fonts/type1/public/amsfonts/cm/cmbsy10.pfb><C:/P
rogram Files/MiKTeX 2.9/fonts/type1/public/amsfonts/cm/cmbx12.pfb><C:/Program F
iles/MiKTeX 2.9/fonts/type1/public/amsfonts/cm/cmbx9.pfb><C:/Program Files/MiKT
eX 2.9/fonts/type1/public/amsfonts/cm/cmex10.pfb><C:/Program Files/MiKTeX 2.9/f
onts/type1/public/amsfonts/cm/cmmi10.pfb><C:/Program Files/MiKTeX 2.9/fonts/typ
e1/public/amsfonts/cm/cmmi5.pfb><C:/Program Files/MiKTeX 2.9/fonts/type1/public
/amsfonts/cm/cmmi6.pfb><C:/Program Files/MiKTeX 2.9/fonts/type1/public/amsfonts
/cm/cmmi7.pfb><C:/Program Files/MiKTeX 2.9/fonts/type1/public/amsfonts/cm/cmmi9
.pfb><C:/Program Files/MiKTeX 2.9/fonts/type1/public/amsfonts/cm/cmmib10.pfb><C
:/Program Files/MiKTeX 2.9/fonts/type1/public/amsfonts/cmextra/cmmib7.pfb><C:/P
rogram Files/MiKTeX 2.9/fonts/type1/public/amsfonts/cm/cmr10.pfb><C:/Program Fi
les/MiKTeX 2.9/fonts/type1/public/amsfonts/cm/cmr5.pfb><C:/Program Files/MiKTeX
 2.9/fonts/type1/public/amsfonts/cm/cmr6.pfb><C:/Program Files/MiKTeX 2.9/fonts
/type1/public/amsfonts/cm/cmr7.pfb><C:/Program Files/MiKTeX 2.9/fonts/type1/pub
lic/amsfonts/cm/cmr8.pfb><C:/Program Files/MiKTeX 2.9/fonts/type1/public/amsfon
ts/cm/cmr9.pfb><C:/Program Files/MiKTeX 2.9/fonts/type1/public/amsfonts/cm/cmsy
10.pfb><C:/Program Files/MiKTeX 2.9/fonts/type1/public/amsfonts/cm/cmsy5.pfb><C
:/Program Files/MiKTeX 2.9/fonts/type1/public/amsfonts/cm/cmsy6.pfb><C:/Program
 Files/MiKTeX 2.9/fonts/type1/public/amsfonts/cm/cmsy7.pfb><C:/Program Files/Mi
KTeX 2.9/fonts/type1/public/amsfonts/cm/cmsy9.pfb><C:/Program Files/MiKTeX 2.9/
fonts/type1/public/amsfonts/cm/cmti10.pfb><C:/Program Files/MiKTeX 2.9/fonts/ty
pe1/public/amsfonts/cm/cmti9.pfb>
Output written on Skyrmion.pdf (6 pages, 1165656 bytes).
PDF statistics:
 435 PDF objects out of 1000 (max. 8388607)
 77 named destinations out of 1000 (max. 500000)
 83 words of extra memory for PDF output out of 10000 (max. 10000000)

